<?xml version="1.0" encoding="UTF-8"?>
<testng-results ignored="0" total="1" passed="1" failed="0" skipped="0">
  <reporter-output>
  </reporter-output>
  <suite started-at="2022-06-27T20:10:19 UYT" name="Default suite" finished-at="2022-06-27T20:10:22 UYT" duration-ms="3882">
    <groups>
    </groups>
    <test started-at="2022-06-27T20:10:19 UYT" name="Default test" finished-at="2022-06-27T20:10:22 UYT" duration-ms="3882">
      <class name="pruebas.Practice5">
        <test-method is-config="true" signature="abrirPagina()[pri:0, instance:pruebas.Practice5@1a482e36]" started-at="2022-06-27T20:10:08 UYT" name="abrirPagina" finished-at="2022-06-27T20:10:19 UYT" duration-ms="10387" status="PASS">
          <reporter-output>
          </reporter-output>
        </test-method> <!-- abrirPagina -->
        <test-method signature="Ingreso()[pri:0, instance:pruebas.Practice5@1a482e36]" started-at="2022-06-27T20:10:19 UYT" name="Ingreso" finished-at="2022-06-27T20:10:22 UYT" duration-ms="3824" status="PASS">
          <reporter-output>
          </reporter-output>
        </test-method> <!-- Ingreso -->
      </class> <!-- pruebas.Practice5 -->
    </test> <!-- Default test -->
  </suite> <!-- Default suite -->
</testng-results>
