<?xml version="1.0" encoding="UTF-8"?>
<testng-results ignored="1" total="2" passed="1" failed="0" skipped="0">
  <reporter-output>
  </reporter-output>
  <suite started-at="2022-06-26T16:24:26 UYT" name="Default suite" finished-at="2022-06-26T16:24:31 UYT" duration-ms="5366">
    <groups>
    </groups>
    <test started-at="2022-06-26T16:24:26 UYT" name="Default test" finished-at="2022-06-26T16:24:31 UYT" duration-ms="5366">
      <class name="Edit.Demo.Practice">
        <test-method is-config="true" signature="OpenPage()[pri:0, instance:Edit.Demo.Practice@59662a0b]" started-at="2022-06-26T16:24:17 UYT" name="OpenPage" finished-at="2022-06-26T16:24:26 UYT" duration-ms="8495" status="PASS">
          <reporter-output>
          </reporter-output>
        </test-method> <!-- OpenPage -->
        <test-method signature="BuscarPalabras()[pri:100, instance:Edit.Demo.Practice@59662a0b]" started-at="2022-06-26T16:24:26 UYT" name="BuscarPalabras" description="CP02 - Verificar la búsqueda de productos" finished-at="2022-06-26T16:24:31 UYT" duration-ms="5289" status="PASS">
          <reporter-output>
          </reporter-output>
        </test-method> <!-- BuscarPalabras -->
        <test-method is-config="true" signature="cerrarPagina()[pri:0, instance:Edit.Demo.Practice@59662a0b]" started-at="2022-06-26T16:24:31 UYT" name="cerrarPagina" finished-at="2022-06-26T16:24:31 UYT" duration-ms="1" status="PASS">
          <reporter-output>
          </reporter-output>
        </test-method> <!-- cerrarPagina -->
      </class> <!-- Edit.Demo.Practice -->
    </test> <!-- Default test -->
  </suite> <!-- Default suite -->
</testng-results>
